Arguments: 
  /usr/local/Cellar/node/14.2.0/bin/node /usr/local/Cellar/yarn/1.22.4/libexec/bin/yarn.js install

PATH: 
  /Users/laurenceadams/Anaconda/anaconda3/bin:/usr/local/bin:/usr/bin:/bin:/usr/sbin:/sbin:/usr/local/MacGPG2/bin:/Library/Apple/usr/bin

Yarn version: 
  1.22.4

Node version: 
  14.2.0

Platform: 
  darwin x64

Trace: 
  SyntaxError: /Users/laurenceadams/programming/vuePlay/package.json: Unexpected token } in JSON at position 463
      at JSON.parse (<anonymous>)
      at /usr/local/Cellar/yarn/1.22.4/libexec/lib/cli.js:1625:59
      at Generator.next (<anonymous>)
      at step (/usr/local/Cellar/yarn/1.22.4/libexec/lib/cli.js:310:30)
      at /usr/local/Cellar/yarn/1.22.4/libexec/lib/cli.js:321:13

npm manifest: 
  {
    "name": "vue-first-app",
    "version": "0.1.0",
    "private": true,
    "scripts": {
      "serve": "vue-cli-service serve",
      "build": "vue-cli-service build",
      "lint": "vue-cli-service lint"
    },
    "dependencies": {
      "core-js": "^3.6.5",
      "vue": "^3.0.0",
      "vue-router": "^4.0.0-0",
      "vuex": "^4.0.0-0"
    },
    "devDependencies": {
      "@vue/cli-plugin-babel": "^4.5.4",
      "@vue/cli-service": "^4.5.4",
      "@vue/compiler-sfc": "^3.0.0-rc.7",
    }
  }

yarn manifest: 
  No manifest

Lockfile: 
  No lockfile
